<?xml version="1.0" encoding="UTF-8"?>
<testsuite xmlns:xsi="http://www.w3.org/2001/XMLSchema-instance" xsi:noNamespaceSchemaLocation="https://maven.apache.org/surefire/maven-surefire-plugin/xsd/surefire-test-report-3.0.xsd" version="3.0" name="org.areo.yiyu.YiyuApplicationTests" time="1.946" tests="1" errors="0" skipped="0" failures="0">
  <properties>
[...]
</properties>
  <testcase name="contextLoads" classname="org.areo.yiyu.YiyuApplicationTests" time="0.637">
    <system-out><![CDATA[17:48:33.649 [main] INFO org.springframework.test.context.support.AnnotationConfigContextLoaderUtils -- Could not detect default configuration classes for test class [org.areo.yiyu.YiyuApplicationTests]: YiyuApplicationTests does not declare any static, non-private, non-final, nested classes annotated with @Configuration.
17:48:33.702 [main] INFO org.springframework.boot.test.context.SpringBootTestContextBootstrapper -- Found @SpringBootConfiguration org.areo.yiyu.YiyuApplication for test class org.areo.yiyu.YiyuApplicationTests

  .   ____          _            __ _ _
 /\\ / ___'_ __ _ _(_)_ __  __ _ \ \ \ \
( ( )\___ | '_ | '_| | '_ \/ _` | \ \ \ \
 \\/  ___)| |_)| | | | | || (_| |  ) ) ) )
  '  |____| .__|_| |_|_| |_\__, | / / / /
 =========|_|==============|___/=/_/_/_/

 :: Spring Boot ::                (v3.3.2)

2024-07-30T17:48:33.911+08:00  INFO 63132 --- [yiyu] [           main] org.areo.yiyu.YiyuApplicationTests       : Starting YiyuApplicationTests using Java 17.0.11 with PID 63132 (started by areo3 in D:\Java\yiyu)
2024-07-30T17:48:33.911+08:00  INFO 63132 --- [yiyu] [           main] org.areo.yiyu.YiyuApplicationTests       : No active profile set, falling back to 1 default profile: "default"
Logging initialized using 'class org.apache.ibatis.logging.stdout.StdOutImpl' adapter.
2024-07-30T17:48:34.856+08:00  INFO 63132 --- [yiyu] [           main] org.areo.yiyu.YiyuApplicationTests       : Started YiyuApplicationTests in 1.068 seconds (process running for 1.63)
]]></system-out>
  </testcase>
</testsuite>